<?xml version="1.0" encoding="UTF-8"?>
<testsuite name="tddPractice.StringCalculatorTest" tests="14" skipped="0" failures="0" errors="0" timestamp="2022-02-21T08:39:50" hostname="Aaron-MacBookPro.local" time="0.074">
  <properties/>
  <testcase name="[1] 6, 2, 3" classname="tddPractice.StringCalculatorTest" time="0.047"/>
  <testcase name="[2] 10, 2, 5" classname="tddPractice.StringCalculatorTest" time="0.001"/>
  <testcase name="[3] 999, 1, 999" classname="tddPractice.StringCalculatorTest" time="0.0"/>
  <testcase name="[1] 5, 3, 2" classname="tddPractice.StringCalculatorTest" time="0.001"/>
  <testcase name="[2] 10, 4, 6" classname="tddPractice.StringCalculatorTest" time="0.001"/>
  <testcase name="[3] 999, 1, 998" classname="tddPractice.StringCalculatorTest" time="0.0"/>
  <testcase name="[1] 2, 3, 5" classname="tddPractice.StringCalculatorTest" time="0.0"/>
  <testcase name="[2] 10, 4, 14" classname="tddPractice.StringCalculatorTest" time="0.001"/>
  <testcase name="[3] 999, 1, 1000" classname="tddPractice.StringCalculatorTest" time="0.0"/>
  <testcase name="[1] 2 + 3 * 4 / 2, 10" classname="tddPractice.StringCalculatorTest" time="0.003"/>
  <testcase name="[2] 10 + 5 / 2, 7.5" classname="tddPractice.StringCalculatorTest" time="0.002"/>
  <testcase name="[1] 2, 3, 6" classname="tddPractice.StringCalculatorTest" time="0.001"/>
  <testcase name="[2] 10, 4, 40" classname="tddPractice.StringCalculatorTest" time="0.0"/>
  <testcase name="[3] 999, 1, 999" classname="tddPractice.StringCalculatorTest" time="0.0"/>
  <system-out><![CDATA[]]></system-out>
  <system-err><![CDATA[]]></system-err>
</testsuite>
